[    0.000000] Linux version 4.15.0-70-generic (buildd@lgw01-amd64-055) (gcc version 7.4.0 (Ubuntu 7.4.0-1ubuntu1~18.04.1)) #79-Ubuntu SMP Tue Nov 12 10:36:11 UTC 2019 (Ubuntu 4.15.0-70.79-generic 4.15.18)
[    0.000000] Command line: BOOT_IMAGE=/boot/vmlinuz-4.15.0-70-generic root=UUID=fec2757c-37b2-47c1-b6b3-0af68299186a ro console=tty1 console=ttyS0
[    0.000000] KERNEL supported cpus:
[    0.000000]   Intel GenuineIntel
[    0.000000]   AMD AuthenticAMD
[    0.000000]   Centaur CentaurHauls
[    0.000000] x86/fpu: Supporting XSAVE feature 0x001: 'x87 floating point registers'
[    0.000000] x86/fpu: Supporting XSAVE feature 0x002: 'SSE registers'
[    0.000000] x86/fpu: Supporting XSAVE feature 0x004: 'AVX registers'
[    0.000000] x86/fpu: xstate_offset[2]:  576, xstate_sizes[2]:  256
[    0.000000] x86/fpu: Enabled xstate features 0x7, context size is 832 bytes, using 'standard' format.
[    0.000000] e820: BIOS-provided physical RAM map:
[    0.000000] BIOS-e820: [mem 0x0000000000000000-0x000000000009fbff] usable
[    0.000000] BIOS-e820: [mem 0x000000000009fc00-0x000000000009ffff] reserved
[    0.000000] BIOS-e820: [mem 0x00000000000f0000-0x00000000000fffff] reserved
[    0.000000] BIOS-e820: [mem 0x0000000000100000-0x000000003ffeffff] usable
[    0.000000] BIOS-e820: [mem 0x000000003fff0000-0x000000003fffffff] ACPI data
[    0.000000] BIOS-e820: [mem 0x00000000fec00000-0x00000000fec00fff] reserved
[    0.000000] BIOS-e820: [mem 0x00000000fee00000-0x00000000fee00fff] reserved
[    0.000000] BIOS-e820: [mem 0x00000000fffc0000-0x00000000ffffffff] reserved
[    0.000000] NX (Execute Disable) protection: active
[    0.000000] SMBIOS 2.5 present.
[    0.000000] DMI: innotek GmbH VirtualBox/VirtualBox, BIOS VirtualBox 12/01/2006
[    0.000000] Hypervisor detected: KVM
[    0.000000] e820: last_pfn = 0x3fff0 max_arch_pfn = 0x400000000
[    0.000000] MTRR: Disabled
[    0.000000] x86/PAT: MTRRs disabled, skipping PAT initialization too.
[    0.000000] CPU MTRRs all blank - virtualized system.
[    0.000000] x86/PAT: Configuration [0-7]: WB  WT  UC- UC  WB  WT  UC- UC  
[    0.000000] found SMP MP-table at [mem 0x0009fff0-0x0009ffff]
[    0.000000] Scanning 1 areas for low memory corruption
[    0.000000] RAMDISK: [mem 0x3597d000-0x36cb5fff]
[    0.000000] ACPI: Early table checksum verification disabled
[    0.000000] ACPI: RSDP 0x00000000000E0000 000024 (v02 VBOX  )
[    0.000000] ACPI: XSDT 0x000000003FFF0030 00003C (v01 VBOX   VBOXXSDT 00000001 ASL  00000061)
[    0.000000] ACPI: FACP 0x000000003FFF00F0 0000F4 (v04 VBOX   VBOXFACP 00000001 ASL  00000061)
[    0.000000] ACPI: DSDT 0x000000003FFF0470 0021FF (v02 VBOX   VBOXBIOS 00000002 INTL 20100528)
[    0.000000] ACPI: FACS 0x000000003FFF0200 000040
[    0.000000] ACPI: FACS 0x000000003FFF0200 000040
[    0.000000] ACPI: APIC 0x000000003FFF0240 000054 (v02 VBOX   VBOXAPIC 00000001 ASL  00000061)
[    0.000000] ACPI: SSDT 0x000000003FFF02A0 0001CC (v01 VBOX   VBOXCPUT 00000002 INTL 20100528)
[    0.000000] No NUMA configuration found
[    0.000000] Faking a node at [mem 0x0000000000000000-0x000000003ffeffff]
[    0.000000] NODE_DATA(0) allocated [mem 0x3ffc5000-0x3ffeffff]
[    0.000000] kvm-clock: cpu 0, msr 0:3ff44001, primary cpu clock
[    0.000000] kvm-clock: Using msrs 4b564d01 and 4b564d00
[    0.000000] kvm-clock: using sched offset of 4955105490 cycles
[    0.000000] clocksource: kvm-clock: mask: 0xffffffffffffffff max_cycles: 0x1cd42e4dffb, max_idle_ns: 881590591483 ns
[    0.000000] Zone ranges:
[    0.000000]   DMA      [mem 0x0000000000001000-0x0000000000ffffff]
[    0.000000]   DMA32    [mem 0x0000000001000000-0x000000003ffeffff]
[    0.000000]   Normal   empty
[    0.000000]   Device   empty
[    0.000000] Movable zone start for each node
[    0.000000] Early memory node ranges
[    0.000000]   node   0: [mem 0x0000000000001000-0x000000000009efff]
[    0.000000]   node   0: [mem 0x0000000000100000-0x000000003ffeffff]
[    0.000000] Reserved but unavailable: 98 pages
[    0.000000] Initmem setup node 0 [mem 0x0000000000001000-0x000000003ffeffff]
[    0.000000] ACPI: PM-Timer IO Port: 0x4008
[    0.000000] IOAPIC[0]: apic_id 1, version 32, address 0xfec00000, GSI 0-23
[    0.000000] ACPI: INT_SRC_OVR (bus 0 bus_irq 0 global_irq 2 dfl dfl)
[    0.000000] ACPI: INT_SRC_OVR (bus 0 bus_irq 9 global_irq 9 low level)
[    0.000000] Using ACPI (MADT) for SMP configuration information
[    0.000000] smpboot: Allowing 1 CPUs, 0 hotplug CPUs
[    0.000000] PM: Registered nosave memory: [mem 0x00000000-0x00000fff]
[    0.000000] PM: Registered nosave memory: [mem 0x0009f000-0x0009ffff]
[    0.000000] PM: Registered nosave memory: [mem 0x000a0000-0x000effff]
[    0.000000] PM: Registered nosave memory: [mem 0x000f0000-0x000fffff]
[    0.000000] e820: [mem 0x40000000-0xfebfffff] available for PCI devices
[    0.000000] Booting paravirtualized kernel on KVM
[    0.000000] clocksource: refined-jiffies: mask: 0xffffffff max_cycles: 0xffffffff, max_idle_ns: 7645519600211568 ns
[    0.000000] random: get_random_bytes called from start_kernel+0x99/0x4fd with crng_init=0
[    0.000000] setup_percpu: NR_CPUS:8192 nr_cpumask_bits:1 nr_cpu_ids:1 nr_node_ids:1
[    0.000000] percpu: Embedded 45 pages/cpu s147456 r8192 d28672 u2097152
[    0.000000] PV qspinlock hash table entries: 256 (order: 0, 4096 bytes)
[    0.000000] Built 1 zonelists, mobility grouping on.  Total pages: 257913
[    0.000000] Policy zone: DMA32
[    0.000000] Kernel command line: BOOT_IMAGE=/boot/vmlinuz-4.15.0-70-generic root=UUID=fec2757c-37b2-47c1-b6b3-0af68299186a ro console=tty1 console=ttyS0
[    0.000000] Memory: 983084K/1048120K available (12300K kernel code, 2481K rwdata, 4264K rodata, 2432K init, 2388K bss, 65036K reserved, 0K cma-reserved)
[    0.000000] SLUB: HWalign=64, Order=0-3, MinObjects=0, CPUs=1, Nodes=1
[    0.000000] Kernel/User page tables isolation: enabled
[    0.000000] ftrace: allocating 39315 entries in 154 pages
[    0.004000] Hierarchical RCU implementation.
[    0.004000] 	RCU restricting CPUs from NR_CPUS=8192 to nr_cpu_ids=1.
[    0.004000] 	Tasks RCU enabled.
[    0.004000] RCU: Adjusting geometry for rcu_fanout_leaf=16, nr_cpu_ids=1
[    0.004000] NR_IRQS: 524544, nr_irqs: 256, preallocated irqs: 16
[    0.004000] Console: colour VGA+ 80x25
[    0.004000] console [tty1] enabled
[    0.004000] console [ttyS0] enabled
[    0.004000] ACPI: Core revision 20170831
[    0.004000] ACPI: 2 ACPI AML tables successfully acquired and loaded
[    0.004000] APIC: Switch to symmetric I/O mode setup
[    0.004255] x2apic enabled
[    0.004976] Switched APIC routing to physical x2apic.
[    0.008914] ..TIMER: vector=0x30 apic1=0 pin1=2 apic2=-1 pin2=-1
[    0.012001] tsc: Detected 2208.002 MHz processor
[    0.012832] Calibrating delay loop (skipped) preset value.. 4416.00 BogoMIPS (lpj=8832008)
[    0.016002] pid_max: default: 32768 minimum: 301
[    0.016852] Security Framework initialized
[    0.017578] Yama: becoming mindful.
[    0.018228] AppArmor: AppArmor initialized
[    0.022446] Dentry cache hash table entries: 131072 (order: 8, 1048576 bytes)
[    0.023632] Inode-cache hash table entries: 65536 (order: 7, 524288 bytes)
[    0.024018] Mount-cache hash table entries: 2048 (order: 2, 16384 bytes)
[    0.028007] Mountpoint-cache hash table entries: 2048 (order: 2, 16384 bytes)
[    0.032213] process: using mwait in idle threads
[    0.036008] Last level iTLB entries: 4KB 64, 2MB 8, 4MB 8
[    0.040005] Last level dTLB entries: 4KB 64, 2MB 0, 4MB 0, 1GB 4
[    0.044005] Spectre V1 : Mitigation: usercopy/swapgs barriers and __user pointer sanitization
[    0.048004] Spectre V2 : Mitigation: Full generic retpoline
[    0.052003] Spectre V2 : Spectre v2 / SpectreRSB mitigation: Filling RSB on context switch
[    0.053504] Speculative Store Bypass: Vulnerable
[    0.056028] MDS: Vulnerable: Clear CPU buffers attempted, no microcode
[    0.065179] Freeing SMP alternatives memory: 36K
[    0.178576] smpboot: CPU0: Intel(R) Core(TM) i7-8750H CPU @ 2.20GHz (family: 0x6, model: 0x9e, stepping: 0xa)
[    0.180058] Performance Events: unsupported p6 CPU model 158 no PMU driver, software events only.
[    0.184044] Hierarchical SRCU implementation.
[    0.188464] NMI watchdog: Perf event create on CPU 0 failed with -2
[    0.192004] NMI watchdog: Perf NMI watchdog permanently disabled
[    0.196053] smp: Bringing up secondary CPUs ...
[    0.200004] smp: Brought up 1 node, 1 CPU
[    0.204004] smpboot: Max logical packages: 1
[    0.208006] smpboot: Total of 1 processors activated (4416.00 BogoMIPS)
[    0.212117] devtmpfs: initialized
[    0.216049] x86/mm: Memory block size: 128MB
[    0.220151] evm: security.selinux
[    0.224007] evm: security.SMACK64
[    0.228005] evm: security.SMACK64EXEC
[    0.232004] evm: security.SMACK64TRANSMUTE
[    0.236004] evm: security.SMACK64MMAP
[    0.240005] evm: security.apparmor
[    0.240687] evm: security.ima
[    0.244002] evm: security.capability
[    0.248117] clocksource: jiffies: mask: 0xffffffff max_cycles: 0xffffffff, max_idle_ns: 7645041785100000 ns
[    0.252016] futex hash table entries: 256 (order: 2, 16384 bytes)
[    0.256050] pinctrl core: initialized pinctrl subsystem
[    0.260087] RTC time: 19:06:11, date: 11/28/19
[    0.264074] NET: Registered protocol family 16
[    0.268080] audit: initializing netlink subsys (disabled)
[    0.272133] cpuidle: using governor ladder
[    0.276003] audit: type=2000 audit(1574967972.085:1): state=initialized audit_enabled=0 res=1
[    0.280006] cpuidle: using governor menu
[    0.284040] ACPI: bus type PCI registered
[    0.284791] acpiphp: ACPI Hot Plug PCI Controller Driver version: 0.5
[    0.286092] PCI: Using configuration type 1 for base access
[    0.288229] HugeTLB registered 2.00 MiB page size, pre-allocated 0 pages
[    0.291906] ACPI: Added _OSI(Module Device)
[    0.292008] ACPI: Added _OSI(Processor Device)
[    0.292856] ACPI: Added _OSI(3.0 _SCP Extensions)
[    0.296002] ACPI: Added _OSI(Processor Aggregator Device)
[    0.297007] ACPI: Added _OSI(Linux-Dell-Video)
[    0.297852] ACPI: Added _OSI(Linux-Lenovo-NV-HDMI-Audio)
[    0.298849] ACPI: Added _OSI(Linux-HPI-Hybrid-Graphics)
[    0.300343] ACPI: Executed 1 blocks of module-level executable AML code
[    0.305377] ACPI: Interpreter enabled
[    0.308019] ACPI: (supports S0 S5)
[    0.312004] ACPI: Using IOAPIC for interrupt routing
[    0.316266] PCI: Using host bridge windows from ACPI; if necessary, use "pci=nocrs" and report a bug
[    0.320174] ACPI: Enabled 2 GPEs in block 00 to 07
[    0.331587] ACPI: PCI Root Bridge [PCI0] (domain 0000 [bus 00-ff])
[    0.332005] acpi PNP0A03:00: _OSC: OS supports [ASPM ClockPM Segments MSI]
[    0.333293] acpi PNP0A03:00: _OSC: not requesting OS control; OS requires [ExtendedConfig ASPM ClockPM MSI]
[    0.335011] acpi PNP0A03:00: fail to add MMCONFIG information, can't access extended PCI configuration space under this bridge.
[    0.336302] PCI host bridge to bus 0000:00
[    0.340003] pci_bus 0000:00: root bus resource [io  0x0000-0x0cf7 window]
[    0.344003] pci_bus 0000:00: root bus resource [io  0x0d00-0xffff window]
[    0.348002] pci_bus 0000:00: root bus resource [mem 0x000a0000-0x000bffff window]
[    0.349346] pci_bus 0000:00: root bus resource [mem 0x40000000-0xfdffffff window]
[    0.350684] pci_bus 0000:00: root bus resource [bus 00-ff]
[    0.353677] pci 0000:00:01.1: legacy IDE quirk: reg 0x10: [io  0x01f0-0x01f7]
[    0.356007] pci 0000:00:01.1: legacy IDE quirk: reg 0x14: [io  0x03f6]
[    0.360006] pci 0000:00:01.1: legacy IDE quirk: reg 0x18: [io  0x0170-0x0177]
[    0.364006] pci 0000:00:01.1: legacy IDE quirk: reg 0x1c: [io  0x0376]
[    0.379648] pci 0000:00:07.0: quirk: [io  0x4000-0x403f] claimed by PIIX4 ACPI
[    0.380018] pci 0000:00:07.0: quirk: [io  0x4100-0x410f] claimed by PIIX4 SMB
[    0.392373] ACPI: PCI Interrupt Link [LNKA] (IRQs 5 9 10 *11)
[    0.396348] ACPI: PCI Interrupt Link [LNKB] (IRQs 5 9 *10 11)
[    0.400162] ACPI: PCI Interrupt Link [LNKC] (IRQs 5 *9 10 11)
[    0.401279] ACPI: PCI Interrupt Link [LNKD] (IRQs 5 9 10 *11)
[    0.404298] SCSI subsystem initialized
[    0.405190] pci 0000:00:02.0: vgaarb: setting as boot VGA device
[    0.406305] pci 0000:00:02.0: vgaarb: VGA device added: decodes=io+mem,owns=io+mem,locks=none
[    0.408003] pci 0000:00:02.0: vgaarb: bridge control possible
[    0.409039] vgaarb: loaded
[    0.409592] ACPI: bus type USB registered
[    0.412032] usbcore: registered new interface driver usbfs
[    0.416023] usbcore: registered new interface driver hub
[    0.420025] usbcore: registered new device driver usb
[    0.424063] EDAC MC: Ver: 3.0.0
[    0.428292] PCI: Using ACPI for IRQ routing
[    0.432263] NetLabel: Initializing
[    0.436001] NetLabel:  domain hash size = 128
[    0.436839] NetLabel:  protocols = UNLABELED CIPSOv4 CALIPSO
[    0.440024] NetLabel:  unlabeled traffic allowed by default
[    0.444112] clocksource: Switched to clocksource kvm-clock
[    0.550076] VFS: Disk quotas dquot_6.6.0
[    0.636951] VFS: Dquot-cache hash table entries: 512 (order 0, 4096 bytes)
[    0.680710] AppArmor: AppArmor Filesystem Enabled
[    0.846768] pnp: PnP ACPI init
[    0.953795] pnp: PnP ACPI: found 3 devices
[    1.085234] clocksource: acpi_pm: mask: 0xffffff max_cycles: 0xffffff, max_idle_ns: 2085701024 ns
[    1.132791] NET: Registered protocol family 2
[    1.153861] TCP established hash table entries: 8192 (order: 4, 65536 bytes)
[    1.206792] TCP bind hash table entries: 8192 (order: 5, 131072 bytes)
[    1.251048] TCP: Hash tables configured (established 8192 bind 8192)
[    1.491690] UDP hash table entries: 512 (order: 2, 16384 bytes)
[    1.510028] UDP-Lite hash table entries: 512 (order: 2, 16384 bytes)
[    1.511356] NET: Registered protocol family 1
[    1.512210] pci 0000:00:00.0: Limiting direct PCI/PCI transfers
[    1.513331] pci 0000:00:01.0: Activating ISA DMA hang workarounds
[    1.514555] pci 0000:00:02.0: Video device with shadowed ROM at [mem 0x000c0000-0x000dffff]
[    1.516296] Unpacking initramfs...
[    1.806975] Freeing initrd memory: 19684K
[    1.893159] clocksource: tsc: mask: 0xffffffffffffffff max_cycles: 0x1fd3ba1610f, max_idle_ns: 440795284337 ns
[    1.894884] platform rtc_cmos: registered platform RTC device (no PNP device found)
[    1.959712] Scanning for low memory corruption every 60 seconds
[    1.961497] Initialise system trusted keyrings
[    1.962433] Key type blacklist registered
[    1.963222] workingset: timestamp_bits=36 max_order=18 bucket_order=0
[    2.097841] zbud: loaded
[    2.098732] squashfs: version 4.0 (2009/01/31) Phillip Lougher
[    2.099837] fuse init (API version 7.26)
[    2.101211] Key type asymmetric registered
[    2.101947] Asymmetric key parser 'x509' registered
[    2.102843] Block layer SCSI generic (bsg) driver version 0.4 loaded (major 246)
[    2.104150] io scheduler noop registered
[    2.104918] io scheduler deadline registered
[    2.105782] io scheduler cfq registered (default)
[    2.106834] ACPI: AC Adapter [AC] (on-line)
[    2.107629] input: Power Button as /devices/LNXSYSTM:00/LNXPWRBN:00/input/input0
[    2.108968] ACPI: Power Button [PWRF]
[    2.109694] input: Sleep Button as /devices/LNXSYSTM:00/LNXSLPBN:00/input/input1
[    2.111008] ACPI: Sleep Button [SLPF]
[    2.146769] ACPI: Battery Slot [BAT0] (battery present)
[    2.180457] Serial: 8250/16550 driver, 32 ports, IRQ sharing enabled
[    2.225031] 00:02: ttyS0 at I/O 0x3f8 (irq = 4, base_baud = 115200) is a 16550A
[    2.257309] Linux agpgart interface v0.103
[    2.302866] loop: module loaded
[    2.303893] scsi host0: ata_piix
[    2.332521] scsi host1: ata_piix
[    2.405347] ata1: PATA max UDMA/33 cmd 0x1f0 ctl 0x3f6 bmdma 0xd000 irq 14
[    2.559495] ata2: PATA max UDMA/33 cmd 0x170 ctl 0x376 bmdma 0xd008 irq 15
[    2.607615] libphy: Fixed MDIO Bus: probed
[    2.608380] tun: Universal TUN/TAP device driver, 1.6
[    2.609312] PPP generic driver version 2.4.2
[    2.610155] ehci_hcd: USB 2.0 'Enhanced' Host Controller (EHCI) Driver
[    2.611276] ehci-pci: EHCI PCI platform driver
[    2.612111] ehci-platform: EHCI generic platform driver
[    2.613090] ohci_hcd: USB 1.1 'Open' Host Controller (OHCI) Driver
[    2.614175] ohci-pci: OHCI PCI platform driver
[    2.614969] ohci-platform: OHCI generic platform driver
[    2.615898] uhci_hcd: USB Universal Host Controller Interface driver
[    2.617092] i8042: PNP: PS/2 Controller [PNP0303:PS2K,PNP0f03:PS2M] at 0x60,0x64 irq 1,12
[    2.618990] serio: i8042 KBD port at 0x60,0x64 irq 1
[    2.621079] serio: i8042 AUX port at 0x60,0x64 irq 12
[    2.622085] mousedev: PS/2 mouse device common for all mice
[    2.623281] input: AT Translated Set 2 keyboard as /devices/platform/i8042/serio0/input/input2
[    2.717531] rtc_cmos rtc_cmos: rtc core: registered rtc_cmos as rtc0
[    2.794949] rtc_cmos rtc_cmos: alarms up to one day, 114 bytes nvram
[    2.819189] i2c /dev entries driver
[    2.819980] device-mapper: uevent: version 1.0.3
[    2.912938] device-mapper: ioctl: 4.37.0-ioctl (2017-09-20) initialised: dm-devel@redhat.com
[    3.021177] ledtrig-cpu: registered to indicate activity on CPUs
[    3.022307] intel_pmc_core:  initialized
[    3.023173] NET: Registered protocol family 10
[    3.026205] Segment Routing with IPv6
[    3.026861] NET: Registered protocol family 17
[    3.027629] Key type dns_resolver registered
[    3.196915] mce: Using 0 MCE banks
[    3.225268] RAS: Correctable Errors collector initialized.
[    3.257159] sched_clock: Marking stable (3257123188, 0)->(12271647620, -9014524432)
[    3.268524] registered taskstats version 1
[    3.273045] Loading compiled-in X.509 certificates
[    3.406304] Loaded X.509 cert 'Build time autogenerated kernel key: 1859b0531897959199376c446a0bd70df75fd1fc'
[    3.427926] zswap: loaded using pool lzo/zbud
[    3.430938] Key type big_key registered
[    3.431663] Key type trusted registered
[    3.433541] Key type encrypted registered
[    3.581413] AppArmor: AppArmor sha1 policy hashing enabled
[    3.630930] ima: No TPM chip found, activating TPM-bypass! (rc=-19)
[    3.661453] ima: Allocated hash algorithm: sha1
[    3.837495] evm: HMAC attrs: 0x1
[    3.872805]   Magic number: 11:217:143
[    3.910047] rtc_cmos rtc_cmos: setting system clock to 2019-11-28 19:06:17 UTC (1574967977)
[    4.145027] BIOS EDD facility v0.16 2004-Jun-25, 0 devices found
[    4.146142] EDD information not available.
[    4.148862] Freeing unused kernel image memory: 2432K
[    4.156159] Write protecting the kernel read-only data: 20480k
[    4.249774] Freeing unused kernel image memory: 2008K
[    4.326384] Freeing unused kernel image memory: 1880K
[    4.356178] x86/mm: Checked W+X mappings: passed, no W+X pages found.
[    4.552027] x86/mm: Checking user space page tables
[    4.576154] x86/mm: Checked W+X mappings: passed, no W+X pages found.
Loading, please wait...
starting version 237
[    4.733857] Fusion MPT base driver 3.04.20
[    4.811235] Copyright (c) 1999-2008 LSI Corporation
[    4.880357] e1000: Intel(R) PRO/1000 Network Driver - version 7.3.21-k8-NAPI
[    5.135231] e1000: Copyright (c) 1999-2006 Intel Corporation.
[    5.253531] AVX2 version of gcm_enc/dec engaged.
[    5.367802] AES CTR mode by8 optimization enabled
[    5.396265] Fusion MPT SPI Host driver 3.04.20
[    5.411706] mptbase: ioc0: Initiating bringup
[    5.441504] input: ImExPS/2 Generic Explorer Mouse as /devices/platform/i8042/serio1/input/input4
[    5.544241] ioc0: LSI53C1030 A0: Capabilities={Initiator}
[    5.982210] scsi host2: ioc0: LSI53C1030 A0, FwRev=00000000h, Ports=1, MaxQ=256, IRQ=20
[    6.256766] scsi 2:0:0:0: Direct-Access     VBOX     HARDDISK         1.0  PQ: 0 ANSI: 5
[    6.295070] scsi target2:0:0: Beginning Domain Validation
[    6.395450] random: fast init done
[    6.443274] scsi target2:0:0: Domain Validation skipping write tests
[    6.480193] scsi target2:0:0: Ending Domain Validation
[    6.514487] scsi target2:0:0: asynchronous
[    6.700218] scsi 2:0:1:0: Direct-Access     VBOX     HARDDISK         1.0  PQ: 0 ANSI: 5
[    7.041921] scsi target2:0:1: Beginning Domain Validation
[    7.148601] scsi target2:0:1: Domain Validation skipping write tests
[    7.396965] scsi target2:0:1: Ending Domain Validation
[    7.544492] random: systemd-udevd: uninitialized urandom read (16 bytes read)
[    7.595787] e1000 0000:00:03.0 eth0: (PCI:33MHz:32-bit) 02:39:ff:62:b0:b4
[    7.653179] e1000 0000:00:03.0 eth0: Intel(R) PRO/1000 Network Connection
[    7.829605] random: systemd-udevd: uninitialized urandom read (16 bytes read)
[    7.858333] scsi target2:0:1: asynchronous
[    7.962692] random: systemd-udevd: uninitialized urandom read (16 bytes read)
[    8.223276] sd 2:0:0:0: [sda] 20971520 512-byte logical blocks: (10.7 GB/10.0 GiB)
[    8.349122] sd 2:0:0:0: Attached scsi generic sg0 type 0
[    8.539961] sd 2:0:0:0: [sda] Write Protect is off
[    8.541111] sd 2:0:0:0: [sda] Incomplete mode parameter data
[    8.542229] sd 2:0:0:0: [sda] Assuming drive cache: write through
[    8.543737] sd 2:0:1:0: Attached scsi generic sg1 type 0
[    8.544860] sd 2:0:1:0: [sdb] 20480 512-byte logical blocks: (10.5 MB/10.0 MiB)
[    8.546428] sd 2:0:1:0: [sdb] Write Protect is off
[    8.547490] sd 2:0:1:0: [sdb] Incomplete mode parameter data
[    8.548567] sd 2:0:1:0: [sdb] Assuming drive cache: write through
[    8.556228]  sda: sda1
[    8.602608] sd 2:0:1:0: [sdb] Attached SCSI disk
[    8.665407] sd 2:0:0:0: [sda] Attached SCSI disk
[    9.007915] e1000 0000:00:08.0 eth1: (PCI:33MHz:32-bit) 08:00:27:3e:73:6d
[    9.143579] e1000 0000:00:08.0 eth1: Intel(R) PRO/1000 Network Connection
[    9.154510] e1000 0000:00:08.0 enp0s8: renamed from eth1
[    9.497686] e1000 0000:00:03.0 enp0s3: renamed from eth0
Begin: Loading essential drivers ... [   10.980127] raid6: sse2x1   gen() 13306 MB/s
[   11.200223] raid6: sse2x1   xor()  9988 MB/s
[   11.372485] raid6: sse2x2   gen() 16780 MB/s
[   11.468126] raid6: sse2x2   xor() 11145 MB/s
[   11.580365] raid6: sse2x4   gen() 19566 MB/s
[   11.692110] raid6: sse2x4   xor() 11610 MB/s
[   11.780433] raid6: avx2x1   gen() 27595 MB/s
[   11.872195] raid6: avx2x1   xor() 18268 MB/s
[   12.000041] raid6: avx2x2   gen() 31147 MB/s
[   12.096175] raid6: avx2x2   xor() 20843 MB/s
[   12.196212] raid6: avx2x4   gen() 38015 MB/s
[   12.284053] raid6: avx2x4   xor() 23166 MB/s
[   12.291756] raid6: using algorithm avx2x4 gen() 38015 MB/s
[   12.513902] raid6: .... xor() 23166 MB/s, rmw enabled
[   12.556151] raid6: using avx2x2 recovery algorithm
[   12.558330] xor: automatically using best checksumming function   avx       
[   12.560673] async_tx: api initialized (async)
done.
Begin: Running /scripts/init-premount ... done[   12.602357] Btrfs loaded, crc32c=crc32c-intel
.
Begin: Mounting root file system ... Begin: Running /scripts/local-top ... do[   12.718980] EXT4-fs (sda1): mounted filesystem with ordered data mode. Opts: (null)
ne.
Begin: Running /scripts/local-premount ... Scanning for Btrfs filesystems
done.
Warning: fsck not present, so skipping root file system
done.
Begin: Running /scripts/local-bottom ... done.
Begin: Running /scripts/init-bottom ... done.
[   13.061942] ip_tables: (C) 2000-2006 Netfilter Core Team
[   13.289824] systemd[1]: systemd 237 running in system mode. (+PAM +AUDIT +SELINUX +IMA +APPARMOR +SMACK +SYSVINIT +UTMP +LIBCRYPTSETUP +GCRYPT +GNUTLS +ACL +XZ +LZ4 +SECCOMP +BLKID +ELFUTILS +KMOD -IDN2 +IDN -PCRE2 default-hierarchy=hybrid)
[   13.293826] systemd[1]: Detected virtualization oracle.
[   13.294868] systemd[1]: Detected architecture x86-64.

Welcome to [1mUbuntu 18.04.3 LTS[0m!

[   13.299016] systemd[1]: Set hostname to <ubuntu-bionic>.
[   13.569165] systemd[1]: Reached target System Time Synchronized.
[[0;32m  OK  [0m] Reached target System Time Synchronized.
[   13.737086] systemd[1]: Created slice System Slice.
[[0;32m  OK  [0m] Created slice System Slice.
[   13.808328] systemd[1]: Listening on /dev/initctl Compatibility Named Pipe.
[[0;32m  OK  [0m] Listening on /dev/initctl Compatibility Named Pipe.
[   14.008628] systemd[1]: Created slice system-serial\x2dgetty.slice.
[[0;32m  OK  [0m] Created slice system-serial\x2dgetty.slice.
[   14.148807] systemd[1]: Listening on udev Control Socket.
[[0;32m  OK  [0m] Listening on udev Control Socket.
[   14.164769] systemd[1]: Listening on Syslog Socket.
[[0;32m  OK  [0m] Listening on Syslog Socket.
[[0;32m  OK  [0m] Listening on Journal Socket.
         Mounting Huge Pages File System...
         Mounting RPC Pipe File System...
[   14.271316] RPC: Registered named UNIX socket transport module.
[   14.404144] RPC: Registered udp transport module.
[   14.405017] RPC: Registered tcp transport module.
[   14.405878] RPC: Registered tcp NFSv4.1 backchannel transport module.
         Starting Load Ke[   14.513697] Loading iSCSI transport class v2.0-870.
rnel Modules...
[   14.697700] iscsi: registered transport (tcp)
[[0;32m  OK  [0m] Listening on Journal Audit Socket.
[[0;32m  OK  [0[   14.723830] iscsi: registered transport (iser)
m] Reached target Swap.
[[0;32m  OK  [0m] Listening on LVM2 metadata daemon socket.
[[0;32m  OK  [0m] Set up automount Arbitrary Executab…rmats File System Automount Point.
[[0;32m  OK  [0m] Created slice User and Session Slice.
[[0;32m  OK  [0m] Listening on Device-mapper event daemon FIFOs.
         Starting Monitoring of LVM2 mirrors…ng dmeventd or progress polling...
         Mounting POSIX Message Queue File System...
         Mounting Kernel Debug File System...
[[0;32m  OK  [0m] Listening on Network Service Netlink Socket.
[[0;32m  OK  [0m] Listening on RPCbind Server Activation Socket.
[[0;32m  OK  [0m] Reached target User and Group Name Lookups.
[[0;32m  OK  [0m] Reached target Slices.
[[0;32m  OK  [0m] Listening on Jou[   15.485667] random: crng init done
[   15.513508] random: 7 urandom warning(s) missed due to ratelimiting
rnal Socket (/dev/log).
         Starting Journal Service...
         Starting Create list of required st…ce nodes for the current kernel...
         Starting Uncomplicated firewall...
[[0;32m  OK  [0m] Listening on udev Kernel Socket.
         Starting udev Coldplug all Devices...
[[0;32m  OK  [0m] Listening on LVM2 poll daemon socket.
         Starting Remount Root and Kernel File Systems...
[[0;32m  OK  [0m] Started Forward Password Requests to Wall Directory Watch.
         Starting Set the console keyboard layout...
[[0;32m  OK  [0m] Mounted Huge Pages File System.
[[0;32m  OK  [0m] Mounted RPC Pipe File System.
[[0;32m  OK  [0m] Started Load Kernel Modules.[   15.612617] EXT4-fs (sda1): re-mounted. Opts: (null)

[[0;32m  OK  [0m] Started Journal Service.
[[0;32m  OK  [0m] Mounted POSIX Message Queue File System.
[[0;32m  OK  [0m] Mounted Kernel Debug File System.
[[0;32m  OK  [0m] Started Create list of required sta…vice nodes for the current kernel.
[[0;32m  OK  [0m] Started Uncomplicated firewall.
[[0;32m  OK  [0m] Started Remount Root and Kernel File Systems.
[[0;32m  OK  [0m] Started LVM2 metadata daemon.
         Starting Load/Save Random Seed...
         Starting Create Static Device Nodes in /dev...
         Starting Flush Journal to Persistent Storage...
         Starting Apply Kernel Variables...
         Mounting FUSE Control File System...
         Mounting Kernel Configuration File System...
[[0;32m  OK  [0m] Started Monitoring of LVM2 mirrors,…sing dmeventd or progress polling.
[[0;32m  OK  [0m] Started udev Coldplug all Devices.
[[0;32m  OK  [0m] Started Load/Save Random Seed.
[[0;32m  OK  [0m] Started Create Static Device Nodes in /dev.
[[0;32m  OK  [0m] Started Apply Kernel Variables.
[[0;32m  OK  [0m] Mounted FUSE Control File System.
[[0;32m  OK  [0m] Mounted Kernel Configuration File System.
         Starting udev Kernel Device Manager...
[[0;32m  OK  [0m] Started udev Kernel Device Manager.
[[0;32m  OK  [0m] Started Flush Journal to Persistent Storage.
[[0;32m  OK  [0m] Found device /dev/ttyS0.
[[0;32m  OK  [0m] Listening on Load/Save RF Kill Switch Status /dev/rfkill Watch.
[[0;32m  OK  [0m] Started Set the console keyboard layout.
[[0;32m  OK  [0m] Started Dispatch Password Requests to Console Directory Watch.
[[0;32m  OK  [0m] Reached target Local Encrypted Volumes.
[[0;32m  OK  [0m] Reached target Local File Systems (Pre).
[[0;32m  OK  [0m] Reached target Local File Systems.
         Starting ebtables ruleset management...
         Starting Preprocess NFS configuration...
         Starting AppArmor initialization...
         Starting Set console font and keymap...
         Starting Tell Plymouth To Write Out Runtime Data...
         Starting Create Volatile Files and Directories...
[[0;32m  OK  [0m] Started Preprocess NFS configuration.
[[0;32m  OK  [0m] Reached target NFS client services.
[[0;32m  OK  [0m] Started Set console font and keymap.
[[0;32m  OK  [0m] Started Tell Plymouth To Write Out Runtime Data.
[[0;32m  OK  [0m] Started Create Volatile Files and Directories.
         Starting RPC bind portmap service...
         Starting Update UTMP about System Boot/Shutdown...
[[0;32m  OK  [0m] Started Update UTMP about System Boot/Shutdown.
[[0;32m  OK  [0m] Started RPC bind portmap service.
[[0;32m  OK  [0m] Started ebtables ruleset management.
[[0;32m  OK  [0m] Reached target RPC Port Mapper.
[[0;32m  OK  [0m] Started AppArmor initialization.
         Starting Initial cloud-init job (pre-networking)...
[   20.392300] cloud-init[638]: Cloud-init v. 19.2-36-g059d049c-0ubuntu2~18.04.1 running 'init-local' at Thu, 28 Nov 2019 19:06:33 +0000. Up 20.14 seconds.
[[0;32m  OK  [0m] Started Initial cloud-init job (pre-networking).
[[0;32m  OK  [0m] Reached target Network (Pre).
         Starting Network Service...
[[0;32m  OK  [0m] Started Network Service.
         Starting Wait for Network to be Configured...
         Starting Network Name Resolution...
[[0;32m  OK  [0m] Started Network Name Resolution.
[[0;32m  OK  [0m] Reached target Host and Network Name Lookups.
[[0;32m  OK  [0m] Reached target Network.
[[0;32m  OK  [0m] Started Wait for Network to be Configured.
         Starting Initial cloud-init job (metadata service crawler)...
[   23.146153] cloud-init[764]: Cloud-init v. 19.2-36-g059d049c-0ubuntu2~18.04.1 running 'init' at Thu, 28 Nov 2019 19:06:36 +0000. Up 22.90 seconds.
[   23.260134] cloud-init[764]: ci-info: ++++++++++++++++++++++++++++++++++++++Net device info+++++++++++++++++++++++++++++++++++++++
[[0;32m  OK  [0m] Started Initial cloud-init job (metadata service crawler).
[[0;32m  OK  [0m] [   23.379628] cloud-init[764]: ci-info: +--------+------+-----------------------------+---------------+--------+-------------------+
[   23.430431] cloud-init[764]: ci-info: | Device |  Up  |           Address           |      Mask     | Scope  |     Hw-Address    |
[   23.431928] cloud-init[764]: ci-info: +--------+------+-----------------------------+---------------+--------+-------------------+
[   23.431967] cloud-init[764]: ci-info: | enp0s3 | True |          10.0.2.15          | 255.255.255.0 | global | 02:39:ff:62:b0:b4 |
[   23.432010] cloud-init[764]: ci-info: | enp0s3 | True |  fe80::39:ffff:fe62:b0b4/64 |       .       |  link  | 02:39:ff:62:b0:b4 |
[   23.432044] cloud-init[764]: ci-info: | enp0s8 | True |       192.168.100.100       | 255.255.255.0 | global | 08:00:27:3e:73:6d |
[   23.432076] cloud-init[764]: ci-info: | enp0s8 | True | fe80::a00:27ff:fe3e:736d/64 |       .       |  link  | 08:00:27:3e:73:6d |
[   23.432112] cloud-init[764]: ci-info: |   lo   | True |          127.0.0.1          |   255.0.0.0   |  host  |         .         |
[   23.432146] cloud-init[764]: ci-info: |   lo   | True |           ::1/128           |       .       |  host  |         .         |
[   23.432181] cloud-init[764]: ci-info: +--------+------+-----------------------------+---------------+--------+-------------------+
[   23.432215] cloud-init[764]: ci-info: +++++++++++++++++++++++++++++Route IPv4 info++++++++++++++++++++++++++++++
[   23.432248] cloud-init[764]: ci-info: +-------+---------------+----------+-----------------+-----------+-------+
[   23.432285] cloud-init[764]: ci-info: | Route |  Destination  | Gateway  |     Genmask     | Interface | Flags |
[   23.432323] cloud-init[764]: ci-info: +-------+---------------+----------+-----------------+-----------+-------+
[   23.432356] cloud-init[764]: ci-info: |   0   |    0.0.0.0    | 10.0.2.2 |     0.0.0.0     |   enp0s3  |   UG  |
Reached target System Initialization.
[[0;32m  OK  [0m] Started ACPI Events Check.
[   23.999155] cloud-init[764]: ci-info: |   1   |    10.0.2.0   | 0.0.0.0  |  255.255.255.0  |   enp0s3  |   U   |
[   24.036177] cloud-init[764]: ci-info: |   2   |    10.0.2.2   | 0.0.0.0  | 255.255.255.255 |   enp0s3  |   UH  |
[[0;32m  OK  [0m[   24.064818] cloud-init[764]: ci-info: |   3   | 192.168.100.0 | 0.0.0.0  |  255.255.255.0  |   enp0s8  |   U   |
[   24.065717] cloud-init[764]: ci-info: +-------+---------------+----------+-----------------+-----------+-------+
[   24.065896] cloud-init[764]: ci-info: +++++++++++++++++++Route IPv6 info+++++++++++++++++++
[   24.065949] cloud-init[764]: ci-info: +-------+-------------+---------+-----------+-------+
[   24.066001] cloud-init[764]: ci-info: | Route | Destination | Gateway | Interface | Flags |
[   24.066041] cloud-init[764]: ci-info: +-------+-------------+---------+-----------+-------+
[   24.066120] cloud-init[764]: ci-info: |   1   |  fe80::/64  |    ::   |   enp0s8  |   U   |
[   24.066198] cloud-init[764]: ci-info: |   2   |  fe80::/64  |    ::   |   enp0s3  |   U   |
[   24.066238] cloud-init[764]: ci-info: |   4   |    local    |    ::   |   enp0s3  |   U   |
[   24.066301] cloud-init[764]: ci-info: |   5   |    local    |    ::   |   enp0s8  |   U   |
[   24.066335] cloud-init[764]: ci-info: |   6   |   ff00::/8  |    ::   |   enp0s8  |   U   |
[   24.066368] cloud-init[764]: ci-info: |   7   |   ff00::/8  |    ::   |   enp0s3  |   U   |
[   24.066404] cloud-init[764]: ci-info: +-------+-------------+---------+-----------+-------+
] Started Daily Cleanup of Temporary Directories.
         Starting LXD - unix socket.
[[0;32m  OK  [0m] Started Daily apt download activities.
[[0;32m  OK  [0m] Started Clean PHP session files every 30 mins.
[[0;32m  OK  [0m] Listening on UUID daemon activation socket.
[[0;32m  OK  [0m] Started Discard unused blocks once a week.
[[0;32m  OK  [0m] Listening on D-Bus System Message Bus Socket.
         Starting Socket activation for snappy daemon.
[[0;32m  OK  [0m] Started Daily apt upgrade and clean activities.
[[0;32m  OK  [0m] Listening on Open-iSCSI iscsid Socket.
[[0;32m  OK  [0m] Reached target Paths.
[[0;32m  OK  [0m] Started Message of the Day.
[[0;32m  OK  [0m] Reached target Timers.
[[0;32m  OK  [0m] Listening on ACPID Listen Socket.
[[0;32m  OK  [0m] Reached target Network is Online.
         Starting Availability of block devices...
[[0;32m  OK  [0m] Reached target Remote File Systems (Pre).
[[0;32m  OK  [0m] Reached target Remote File Systems.
[[0;32m  OK  [0m] Reached target Cloud-config availability.
[[0;32m  OK  [0m] Listening on LXD - unix socket.
[[0;32m  OK  [0m] Listening on Socket activation for snappy daemon.
[[0;32m  OK  [0m] Started Availability of block devices.
[[0;32m  OK  [0m] Reached target Sockets.
[[0;32m  OK  [0m] Reached target Basic System.
         Starting LSB: automatic crash report generation...
         Starting Permit User Sessions...
         Starting LXD - container startup/shutdown...
[[0;32m  OK  [0m] Started Deferred execution scheduler.
         Starting RabbitMQ Messaging Server...
         Starting Message of the Day...
         Starting The Apache HTTP Server...
         Starting Snappy daemon...
         Starting Virtualbox guest utils...
         Starting Login Service...
[[0;32m  OK  [0m] Started FUSE filesystem for LXC.
         Starting MySQL Community Server...
         Starting Accounts Service...
         Starting OpenBSD Secure Shell server...
         Starting LSB: Record successful boot for GRUB...
[[0;32m  OK  [0m] Started Regular background program processing daemon.
[[0;32m  OK  [0m] Started D-Bus System Message Bus.
[[0;32m  OK  [0m] Started Login Service.
[[0;32m  OK  [0m] Started Unattended Upgrades Shutdown.
[[0;32m  OK  [0m] Started irqbalance daemon.
         Starting Dispatcher daemon for systemd-networkd...
         Starting Clean php session files...
         Starting System Logging Service...
[[0;32m  OK  [0m] Started Permit User Sessions.
[[0;32m  OK  [0m] Started LXD - container startup/shutdown.
         Starting Authorization Manager...
         Starting Terminate Plymouth Boot Screen...
         Starting Hold until boot process finishes up...
[[0;32m  OK  [0m] Started Hold until boot process finishes up.
         Starting Set console scheme...
[[0;32m  OK  [0m] Started Serial Getty on ttyS0.
[[0;32m  OK  [0m] Started Terminate Plymouth Boot Screen.
[[0;32m  OK  [0m] Started Set console scheme.
[[0;32m  OK  [0m] Created slice system-getty.slice.
[[0;32m  OK  [0m] Started Getty on tty1.
[[0;32m  OK  [0m] Reached target Login Prompts.
[[0;32m  OK  [0m] Started OpenBSD Secure Shell server.
[[0;32m  OK  [0m] Started LSB: automatic crash report generation.
[[0;32m  OK  [0m] Started System Logging Service.
[[0;32m  OK  [0m] Started Authorization Manager.
[[0;32m  OK  [0m] Started Accounts Service.
[[0;32m  OK  [0m] Started LSB: Record successful boot for GRUB.
[[0;32m  OK  [0m] Started Snappy daemon.
[[0;32m  OK  [0m] Started Virtualbox guest utils.
         Starting Wait until snapd is fully seeded...
[[0;32m  OK  [0m] Started Wait until snapd is fully seeded.
         Starting Apply the settings specified in cloud-config...
[[0;32m  OK  [0m] Started The Apache HTTP Server.
[[0;32m  OK  [0m] Created slice User Slice of vagrant.
         Starting User Manager for UID 1000...
[[0;32m  OK  [0m] Started Session 1 of user vagrant.
[[0;32m  OK  [0m] Started User Manager for UID 1000.
[[0;32m  OK  [0m] Started Dispatcher daemon for systemd-networkd.
[[0;32m  OK  [0m] Started Clean php session files.
[[0;32m  OK  [0m] Started MySQL Community Server.
[[0;32m  OK  [0m] Started Message of the Day.
[   30.086442] cloud-init[1354]: Cloud-init v. 19.2-36-g059d049c-0ubuntu2~18.04.1 running 'modules:config' at Thu, 28 Nov 2019 19:06:43 +0000. Up 29.56 seconds.
[[0;32m  OK  [0m] Started Apply the settings specified in cloud-config.

Ubuntu 18.04.3 LTS ubuntu-bionic ttyS0

ubuntu-bionic login: [   36.119153] cloud-init[2100]: Cloud-init v. 19.2-36-g059d049c-0ubuntu2~18.04.1 running 'modules:final' at Thu, 28 Nov 2019 19:06:49 +0000. Up 35.98 seconds.
[   36.119536] cloud-init[2100]: Cloud-init v. 19.2-36-g059d049c-0ubuntu2~18.04.1 finished at Thu, 28 Nov 2019 19:06:49 +0000. Datasource DataSourceNoCloud [seed=/dev/sdb][dsmode=net].  Up 36.11 seconds
         Stopping Session 9 of user vagrant.
         Stopping Availability of block devices...
[[0;32m  OK  [0m] Stopped target Timers.
[[0;32m  OK  [0m] Stopd         Stopping LXD - container startup/shutdown...
[[0;32m  OK  [0m] Unmounted /var/lib/lxcfs.
[[0;32m  OK  [0m] Stopped Deferred execution scheduler.
[[0;32m  OK  [0m] Stopped Accounts Service.
[[0;32m  OK  [0m] Stopped Regular background program processing daemon.
[[0;32m  OK  [0m] Stopped Unattended Upgrades Shutdown.
[[0;32m  OK  [0m] Stopped Dispatcher daemon for systemd-networkd.
[[0;32m  OK  [0m] Stopped System Logging Service.
[[0;32m  OK  [0m] Stopped OpenBSD Secure Shell server.
[[0;32m  OK  [0m] Stopped Authorization Manager.
[[0;32m  OK  [0m] Stopped Serial Getty on ttyS0.
[[0;32m  OK  [0m] Stopped Getty on tty1.
[[0;32m  OK  [0m] Stopped User Manager for UID 1000.
[[0;32m  OK  [0m] Stopped Availability of block devices.
[[0;32m  OK  [0m] Unmounted RPC Pipe File System.
[[0;32m  OK  [0m] Stopped D-Bus System Message Bus.
[[0;32m  OK  [0m] Stopped FUSE filesystem for LXC.
[[0;32m  OK  [0m] Stopped Session 9 of user vagrant.
[[0;32m  OK  [0m] Removed slice User Slice of vagrant.
[[0;32m  OK  [0m] Removed slice system-getty.slice.
         Stopping Permit User Sessions...
[[0;32m  OK  [0m] Removed slice system-serial\x2dgetty.slice.
         Stopping Login Service...
[[0;32m  OK  [0m] Stopped Login Service.
[[0;32m  OK  [0m] Stopped LSB: Record successful boot for GRUB.
[[0;32m  OK  [0m] Stopped LXD - container startup/shutdown.
[[0;32m  OK  [0m] Stopped Permit User Sessions.
[[0;32m  OK  [0m] Stopped target User and Group Name Lookups.
[[0;32m  OK  [0m] Stopped LSB: automatic crash report generation.
[[0;32m  OK  [0m] Stopped Virtualbox guest utils.
[[0;32m  OK  [0m] Stopped MySQL Community Server.
[[0;32m  OK  [0m] Stopped The Apache HTTP Server.
[[0;32m  OK  [0m] Stopped target Remote File Systems.
         Unmounting /vagrant...
[[0;32m  OK  [0m] Stopped target Host and Network Name Lookups.
[[0;32m  OK  [0m] Unmounted /vagrant.
[[0;32m  OK  [0m] Stopped target Network is Online.
[[0;32m  OK  [0m] Stopped target Remote File Systems (Pre).
[[0;32m  OK  [0m] Stopped target NFS client services.
[[0m[0;31m*     [0m] A stop job is running for RabbitMQ Messaging Server (7s / 1min 32s)[K[[0;1;31m*[0m[0;31m*    [0m] A stop job is running for RabbitMQ Messaging Server (7s / 1min 32s)[K[[0;31m*[0;1;31m*[0m[0;31m*   [0m] A stop job is running for RabbitMQ Messaging Server (8s / 1min 32s)[K[ [0;31m*[0;1;31m*[0m[0;31m*  [0m] A stop job is running for RabbitMQ Messaging Server (8s / 1min 32s)[K[  [0;31m*[0;1;31m*[0m[0;31m* [0m] A stop job is running for RabbitMQ Messaging Server (9s / 1min 32s)[K[   [0;31m*[0;1;31m*[0m[0;31m*[0m] A stop job is running for RabbitMQ Messaging Server (10s / 1min 32s)[K[    [0;31m*[0;1;31m*[0m] A stop job is running for RabbitMQ Messaging Server (10s / 1min 32s)[K[     [0;31m*[0m] A stop job is running for RabbitMQ Messaging Server (11s / 1min 32s)[K[    [0;31m*[0;1;31m*[0m] A stop job is running for RabbitMQ Messaging Server (11s / 1min 32s)[K[   [0;31m*[0;1;31m*[0m[0;31m*[0m] A stop job is running for RabbitMQ Messaging Server (12s / 1min 32s)[K[  [0;31m*[0;1;31m*[0m[0;31m* [0m] A stop job is running for RabbitMQ Messaging Server (12s / 1min 32s)[K[ [0;31m*[0;1;31m*[0m[0;31m*  [0m] A stop job is running for RabbitMQ Messaging Server (13s / 1min 32s)[K[[0;31m*[0;1;31m*[0m[0;31m*   [0m] A stop job is running for RabbitMQ Messaging Server (13s / 1min 32s)[K[[0;1;31m*[0m[0;31m*    [0m] A stop job is running for RabbitMQ Messaging Server (14s / 1min 32s)[K[[0m[0;31m*     [0m] A stop job is running for RabbitMQ Messaging Server (15s / 1min 32s)[K[[0;1;31m*[0m[0;31m*    [0m] A stop job is running for RabbitMQ Messaging Server (15s / 1min 32s)[K[[0;31m*[0;1;31m*[0m[0;31m*   [0m] A stop job is running for RabbitMQ Messaging Server (16s / 1min 32s)[K[ [0;31m*[0;1;31m*[0m[0;31m*  [0m] A stop job is running for RabbitMQ Messaging Server (16s / 1min 32s)[K[  [0;31m*[0;1;31m*[0m[0;31m* [0m] A stop job is running for RabbitMQ Messaging Server (17s / 1min 32s)[K[   [0;31m*[0;1;31m*[0m[0;31m*[0m] A stop job is running for RabbitMQ Messaging Server (17s / 1min 32s)[K[    [0;31m*[0;1;31m*[0m] A stop job is running for RabbitMQ Messaging Server (18s / 1min 32s)[K[     [0;31m*[0m] A stop job is running for RabbitMQ Messaging Server (18s / 1min 32s)[K[    [0;31m*[0;1;31m*[0m] A stop job is running for RabbitMQ Messaging Server (19s / 1min 32s)[K[   [0;31m*[0;1;31m*[0m[0;31m*[0m] A stop job is running for RabbitMQ Messaging Server (19s / 1min 32s)[K[  [0;31m*[0;1;31m*[0m[0;31m* [0m] A stop job is running for RabbitMQ Messaging Server (20s / 1min 32s)[K[ [0;31m*[0;1;31m*[0m[0;31m*  [0m] A stop job is running for RabbitMQ Messaging Server (21s / 1min 32s)[K[[0;31m*[0;1;31m*[0m[0;31m*   [0m] A stop job is running for RabbitMQ Messaging Server (21s / 1min 32s)[K[[0;1;31m*[0m[0;31m*    [0m] A stop job is running for RabbitMQ Messaging Server (22s / 1min 32s)[K[[0m[0;31m*     [0m] A stop job is running for RabbitMQ Messaging Server (22s / 1min 32s)[K[[0;1;31m*[0m[0;31m*    [0m] A stop job is running for RabbitMQ Messaging Server (23s / 1min 32s)[K[[0;31m*[0;1;31m*[0m[0;31m*   [0m] A stop job is running for RabbitMQ Messaging Server (23s / 1min 32s)[K[ [0;31m*[0;1;31m*[0m[0;31m*  [0m] A stop job is running for RabbitMQ Messaging Server (24s / 1min 32s)[K[  [0;31m*[0;1;31m*[0m[0;31m* [0m] A stop job is running for RabbitMQ Messaging Server (24s / 1min 32s)[K[   [0;31m*[0;1;31m*[0m[0;31m*[0m] A stop job is running for RabbitMQ Messaging Server (25s / 1min 32s)[K[    [0;31m*[0;1;31m*[0m] A stop job is running for RabbitMQ Messaging Server (25s / 1min 32s)[K[     [0;31m*[0m] A stop job is running for RabbitMQ Messaging Server (26s / 1min 32s)[K[    [0;31m*[0;1;31m*[0m] A stop job is running for RabbitMQ Messaging Server (26s / 1min 32s)[K[   [0;31m*[0;1;31m*[0m[0;31m*[0m] A stop job is running for RabbitMQ Messaging Server (27s / 1min 32s)[K[  [0;31m*[0;1;31m*[0m[0;31m* [0m] A stop job is running for RabbitMQ Messaging Server (27s / 1min 32s)[K[ [0;31m*[0;1;31m*[0m[0;31m*  [0m] A stop job is running for RabbitMQ Messaging Server (28s / 1min 32s)[K[[0;31m*[0;1;31m*[0m[0;31m*   [0m] A stop job is running for RabbitMQ Messaging Server (29s / 1min 32s)[K[[0;1;31m*[0m[0;31m*    [0m] A stop job is running for RabbitMQ Messaging Server (29s / 1min 32s)[K[[0m[0;31m*     [0m] A stop job is running for RabbitMQ Messaging Server (30s / 1min 32s)[K[[0;1;31m*[0m[0;31m*    [0m] A stop job is running for RabbitMQ Messaging Server (30s / 1min 32s)[K[[0;31m*[0;1;31m*[0m[0;31m*   [0m] A stop job is running for RabbitMQ Messaging Server (31s / 1min 32s)[K[ [0;31m*[0;1;31m*[0m[0;31m*  [0m] A stop job is running for RabbitMQ Messaging Server (31s / 1min 32s)[K[  [0;31m*[0;1;31m*[0m[0;31m* [0m] A stop job is running for RabbitMQ Messaging Server (32s / 1min 32s)[K[   [0;31m*[0;1;31m*[0m[0;31m*[0m] A stop job is running for RabbitMQ Messaging Server (32s / 1min 32s)[K[    [0;31m*[0;1;31m*[0m] A stop job is running for RabbitMQ Messaging Server (33s / 1min 32s)[K[     [0;31m*[0m] A stop job is running for RabbitMQ Messaging Server (33s / 1min 32s)[K[    [0;31m*[0;1;31m*[0m] A stop job is running for RabbitMQ Messaging Server (34s / 1min 32s)[K[   [0;31m*[0;1;31m*[0m[0;31m*[0m] A stop job is running for RabbitMQ Messaging Server (34s / 1min 32s)[K[  [0;31m*[0;1;31m*[0m[0;31m* [0m] A stop job is running for RabbitMQ Messaging Server (35s / 1min 32s)[K[ [0;31m*[0;1;31m*[0m[0;31m*  [0m] A stop job is running for RabbitMQ Messaging Server (35s / 1min 32s)[K[[0;31m*[0;1;31m*[0m[0;31m*   [0m] A stop job is running for RabbitMQ Messaging Server (36s / 1min 32s)[K[[0;1;31m*[0m[0;31m*    [0m] A stop job is running for RabbitMQ Messaging Server (36s / 1min 32s)[K[[0m[0;31m*     [0m] A stop job is running for RabbitMQ Messaging Server (37s / 1min 32s)[K[[0;1;31m*[0m[0;31m*    [0m] A stop job is running for RabbitMQ Messaging Server (37s / 1min 32s)[K[[0;31m*[0;1;31m*[0m[0;31m*   [0m] A stop job is running for RabbitMQ Messaging Server (38s / 1min 32s)[K[ [0;31m*[0;1;31m*[0m[0;31m*  [0m] A stop job is running for RabbitMQ Messaging Server (38s / 1min 32s)[K[  [0;31m*[0;1;31m*[0m[0;31m* [0m] A stop job is running for RabbitMQ Messaging Server (39s / 1min 32s)[K[   [0;31m*[0;1;31m*[0m[0;31m*[0m] A stop job is running for RabbitMQ Messaging Server (39s / 1min 32s)[K[    [0;31m*[0;1;31m*[0m] A stop job is running for RabbitMQ Messaging Server (40s / 1min 32s)[K[     [0;31m*[0m] A stop job is running for RabbitMQ Messaging Server (40s / 1min 32s)[K[    [0;31m*[0;1;31m*[0m] A stop job is running for RabbitMQ Messaging Server (41s / 1min 32s)[K[   [0;31m*[0;1;31m*[0m[0;31m*[0m] A stop job is running for RabbitMQ Messaging Server (41s / 1min 32s)[K[  [0;31m*[0;1;31m*[0m[0;31m* [0m] A stop job is running for RabbitMQ Messaging Server (42s / 1min 32s)[K[ [0;31m*[0;1;31m*[0m[0;31m*  [0m] A stop job is running for RabbitMQ Messaging Server (42s / 1min 32s)[K[[0;31m*[0;1;31m*[0m[0;31m*   [0m] A stop job is running for RabbitMQ Messaging Server (43s / 1min 32s)[K[[0;1;31m*[0m[0;31m*    [0m] A stop job is running for RabbitMQ Messaging Server (44s / 1min 32s)[K[[0m[0;31m*     [0m] A stop job is running for RabbitMQ Messaging Server (44s / 1min 32s)[K[[0;1;31m*[0m[0;31m*    [0m] A stop job is running for RabbitMQ Messaging Server (45s / 1min 32s)[K[[0;31m*[0;1;31m*[0m[0;31m*   [0m] A stop job is running for RabbitMQ Messaging Server (45s / 1min 32s)[K[ [0;31m*[0;1;31m*[0m[0;31m*  [0m] A stop job is running for RabbitMQ Messaging Server (46s / 1min 32s)[K[  [0;31m*[0;1;31m*[0m[0;31m* [0m] A stop job is running for RabbitMQ Messaging Server (46s / 1min 32s)[K[   [0;31m*[0;1;31m*[0m[0;31m*[0m] A stop job is running for RabbitMQ Messaging Server (47s / 1min 32s)[K[    [0;31m*[0;1;31m*[0m] A stop job is running for RabbitMQ Messaging Server (47s / 1min 32s)[K[     [0;31m*[0m] A stop job is running for RabbitMQ Messaging Server (48s / 1min 32s)[K[    [0;31m*[0;1;31m*[0m] A stop job is running for RabbitMQ Messaging Server (48s / 1min 32s)[K[   [0;31m*[0;1;31m*[0m[0;31m*[0m] A stop job is running for RabbitMQ Messaging Server (49s / 1min 32s)[K[  [0;31m*[0;1;31m*[0m[0;31m* [0m] A stop job is running for RabbitMQ Messaging Server (49s / 1min 32s)[K[ [0;31m*[0;1;31m*[0m[0;31m*  [0m] A stop job is running for RabbitMQ Messaging Server (50s / 1min 32s)[K[[0;31m*[0;1;31m*[0m[0;31m*   [0m] A stop job is running for RabbitMQ Messaging Server (50s / 1min 32s)[K[[0;1;31m*[0m[0;31m*    [0m] A stop job is running for RabbitMQ Messaging Server (51s / 1min 32s)[K[[0m[0;31m*     [0m] A stop job is running for RabbitMQ Messaging Server (51s / 1min 32s)[K[[0;1;31m*[0m[0;31m*    [0m] A stop job is running for RabbitMQ Messaging Server (52s / 1min 32s)[K[[0;31m*[0;1;31m*[0m[0;31m*   [0m] A stop job is running for RabbitMQ Messaging Server (52s / 1min 32s)[K[ [0;31m*[0;1;31m*[0m[0;31m*  [0m] A stop job is running for RabbitMQ Messaging Server (53s / 1min 32s)[K[  [0;31m*[0;1;31m*[0m[0;31m* [0m] A stop job is running for RabbitMQ Messaging Server (53s / 1min 32s)[K[   [0;31m*[0;1;31m*[0m[0;31m*[0m] A stop job is running for RabbitMQ Messaging Server (54s / 1min 32s)[K[    [0;31m*[0;1;31m*[0m] A stop job is running for RabbitMQ Messaging Server (54s / 1min 32s)[K[     [0;31m*[0m] A stop job is running for RabbitMQ Messaging Server (55s / 1min 32s)[K[    [0;31m*[0;1;31m*[0m] A stop job is running for RabbitMQ Messaging Server (55s / 1min 32s)[K[   [0;31m*[0;1;31m*[0m[0;31m*[0m] A stop job is running for RabbitMQ Messaging Server (56s / 1min 32s)[K[  [0;31m*[0;1;31m*[0m[0;31m* [0m] A stop job is running for RabbitMQ Messaging Server (56s / 1min 32s)[K[ [0;31m*[0;1;31m*[0m[0;31m*  [0m] A stop job is running for RabbitMQ Messaging Server (57s / 1min 32s)[K[[0;31m*[0;1;31m*[0m[0;31m*   [0m] A stop job is running for RabbitMQ Messaging Server (57s / 1min 32s)[K[[0;1;31m*[0m[0;31m*    [0m] A stop job is running for RabbitMQ Messaging Server (58s / 1min 32s)[K[[0m[0;31m*     [0m] A stop job is running for RabbitMQ Messaging Server (58s / 1min 32s)[K[[0;1;31m*[0m[0;31m*    [0m] A stop job is running for RabbitMQ Messaging Server (59s / 1min 32s)[K[[0;31m*[0;1;31m*[0m[0;31m*   [0m] A stop job is running for RabbitMQ Messaging Server (59s / 1min 32s)[K[ [0;31m*[0;1;31m*[0m[0;31m*  [0m] A stop job is running for RabbitMQ Messaging Server (1min / 1min 32s)